Arguments: 
  C:\Program Files\nodejs\node.exe C:\Program Files (x86)\Yarn\bin\yarn.js install

PATH: 
  C:\Users\SYTEK\bin;C:\Program Files\Git\mingw64\bin;C:\Program Files\Git\usr\local\bin;C:\Program Files\Git\usr\bin;C:\Program Files\Git\usr\bin;C:\Program Files\Git\mingw64\bin;C:\Program Files\Git\usr\bin;C:\Users\SYTEK\bin;C:\Python27;C:\Python27\Scripts;C:\Program Files (x86)\Common Files\Oracle\Java\javapath;C:\ProgramData\Oracle\Java\javapath;C:\WINDOWS\system32;C:\WINDOWS;C:\WINDOWS\System32\Wbem;C:\WINDOWS\System32\WindowsPowerShell\v1.0;C:\wamp64\bin\php\php7.1.9;C:\Program Files\Git\cmd;C:\HashiCorp\Vagrant\bin;C:\wamp64\bin\mysql\mysql5.7.9\bin;C:\Program Files (x86)\Yarn\bin;C:\Program Files\PuTTY;C:\Program Files (x86)\Windows Live\Shared;C:\Program Files\Redis;C:\mongodb\bin;C:\Go\bin;C:\Ruby23-x64\bin;C:\Program Files (x86)\Microsoft VS Code\bin;C:\Users\SYTEK\AppData\Roaming\Composer\vendor\bin;C:\Users\SYTEK\AppData\Local\atom\bin;C:\Users\SYTEK\AppData\Local\Microsoft\WindowsApps;C:\Program Files\WinRAR;C:\Users\SYTEK\AppData\Local\Yarn\bin;C:\Program Files\Heroku\bin;C:\Users\SYTEK\AppData\Roaming\npm;C:\Users\SYTEK\AppData\Local\.meteor;C:\Program Files\Java\jdk1.8.0_91\bin;C:\Users\SYTEK\AppData\Local\Android\Sdk\platform-tools;C:\adb;C:\Users\SYTEK\AppData\Local\Programs\Python\Python36-32;C:\Users\SYTEK\AppData\Local\Prog;C:\WINDOWS\system32;C:\WINDOWS;C:\WINDOWS\System32\Wbem;C:\WINDOWS\System32\WindowsPowerShell\v1.0;C:\ProgramData\ComposerSetup\bin;C:\wamp64\bin\php\php7.2.1;C:\Program Files\dotnet;C:\Program Files (x86)\WinMerge;C:\WINDOWS\System32\OpenSSH;C:\Program Files\nodejs;C:\ProgramData\chocolatey\bin;C:\Ruby23-x64\bin;C:\Program Files (x86)\Microsoft VS Code\bin;C:\Users\SYTEK\AppData\Local\atom\bin;C:\Users\SYTEK\AppData\Local\Microsoft\WindowsApps;C:\wamp64\bin\mysql\mysql5.7.9\bin;C:\Program Files\WinRAR;C:\Users\SYTEK\AppData\Local\Yarn\bin;C:\mongodb\bin;C:\Program Files\Heroku\bin;C:\Users\SYTEK\AppData\Local\.meteor;C:\Program Files\Java\jdk1.8.0_91\bin;C:\Users\SYTEK\AppData\Local\Android\Sdk\platform-tools;C:\ffmpeg\bin;C:\Users\SYTEK\AppData\Local\Programs\Fiddler;%USERPROFILE%\AppData\Local\Microsoft\WindowsApps;C:\Users\SYTEK\AppData\Roaming\npm;C:\Users\SYTEK\AppData\Local\hyper\app-3.0.2\resources\bin;C:\Program Files\Git\usr\bin\vendor_perl;C:\Program Files\Git\usr\bin\core_perl

Yarn version: 
  0.27.5

Node version: 
  11.9.0

Platform: 
  win32 x64

npm manifest: 
  {
    "name": "pluralsight-project-build-an-album-store-product-page-with-angular",
    "version": "0.0.2",
    "license": "MIT",
    "scripts": {
      "ng": "ng",
      "start": "ng serve",
      "build": "ng build",
      "test": "./node_modules/.bin/mocha ./src/spec/mocha-specs --recursive --reporter spec",
      "test:part2": "./node_modules/.bin/mocha ./src/spec/mocha-specs/part2/ --recursive --reporter spec",
      "test:part3": "./node_modules/.bin/mocha ./src/spec/mocha-specs/part3/ --recursive --reporter spec",
      "test:part4": "./node_modules/.bin/mocha ./src/spec/mocha-specs/part4/ --recursive --reporter spec",
      "test:part5": "./node_modules/.bin/mocha ./src/spec/mocha-specs/part5/ --recursive --reporter spec",
      "test:part6": "./node_modules/.bin/mocha ./src/spec/mocha-specs/part6/ --recursive --reporter spec",
      "test:part7": "./node_modules/.bin/mocha ./src/spec/mocha-specs/part7/ --recursive --reporter spec",
      "tutor-test": "./node_modules/.bin/mocha ./src/spec/mocha-specs --recursive --reporter json & ng test --config tutor-karma.conf.js --single-run",
      "tutor-test:part2": "./node_modules/.bin/mocha ./src/spec/mocha-specs/part2/ --recursive --reporter json & ng test --config tutor-karma.conf.js --single-run --part part2",
      "tutor-test:part3": "./node_modules/.bin/mocha ./src/spec/mocha-specs/part3/ --recursive --reporter json & ng test --config tutor-karma.conf.js --single-run --part part3",
      "tutor-test:part4": "./node_modules/.bin/mocha ./src/spec/mocha-specs/part4/ --recursive --reporter json & ng test --config tutor-karma.conf.js --single-run --part part4",
      "tutor-test:part5": "./node_modules/.bin/mocha ./src/spec/mocha-specs/part5/ --recursive --reporter json & ng test --config tutor-karma.conf.js --single-run --part part5",
      "tutor-test:part6": "./node_modules/.bin/mocha ./src/spec/mocha-specs/part6/ --recursive --reporter json & ng test --config tutor-karma.conf.js --single-run --part part6",
      "tutor-test:part7": "./node_modules/.bin/mocha ./src/spec/mocha-specs/part7/ --recursive --reporter json & ng test --config tutor-karma.conf.js --single-run --part part7",
      "mocha-spec": "./node_modules/.bin/mocha ./src/spec/mocha-specs/ --reporter spec",
      "mocha-json": "./node_modules/.bin/mocha ./src/spec/mocha-specs/ --reporter json",
      "karma-spec": "ng test --config tutor-karma.conf.js --single-run",
      "lint": "ng lint",
      "e2e": "ng e2e"
    },
    "private": true,
    "dependencies": {
      "@angular/animations": "5.2.0",
      "@angular/common": "5.2.0",
      "@angular/compiler": "5.2.0",
      "@angular/core": "5.2.0",
      "@angular/forms": "5.2.0",
      "@angular/http": "5.2.0",
      "@angular/platform-browser": "5.2.0",
      "@angular/platform-browser-dynamic": "5.2.0",
      "@angular/router": "5.2.0",
      "core-js": "2.4.1",
      "rxjs": "5.5.6",
      "zone.js": "0.8.12"
    },
    "devDependencies": {
      "@angular/cli": "1.6.5",
      "@angular/compiler-cli": "5.2.0",
      "@angular/language-service": "5.2.0",
      "@phenomnomnominal/tsquery": "2.1.1",
      "@types/jasmine": "2.8.3",
      "@types/jasminewd2": "2.0.2",
      "@types/node": "6.0.60",
      "bootstrap": "3.3.7",
      "chai": "4.0.1",
      "cheerio": "1.0.0-rc.2",
      "codelyzer": "4.0.1",
      "cssom": "0.3.0",
      "jasmine-core": "2.8.0",
      "jasmine-spec-reporter": "4.2.1",
      "jasmine2-custom-message": "0.8.2",
      "karma": "2.0.0",
      "karma-chrome-launcher": "2.2.0",
      "karma-cli": "1.0.1",
      "karma-coverage-istanbul-reporter": "1.2.1",
      "karma-jasmine": "1.1.0",
      "karma-jasmine-html-reporter": "0.2.2",
      "karma-nightmare": "0.4.13",
      "karma-spec-reporter": "0.0.31",
      "karma-structured-json-reporter": "1.0.0",
      "minimist": "1.2.0",
      "mocha": "3.4.2",
      "parse5": "5.1.0",
      "protractor": "5.1.2",
      "ts-node": "4.1.0",
      "tslint": "5.9.1",
      "typescript": "2.5.3"
    }
  }

yarn manifest: 
  No manifest

Lockfile: 
  No lockfile

Trace: 
  Error: https://registry.yarnpkg.com/rxjs/-/rxjs-5.5.6.tgz: ESOCKETTIMEDOUT
      at ClientRequest.<anonymous> (C:\Program Files (x86)\Yarn\lib\yarn-cli.js:114873:19)
      at Object.onceWrapper (events.js:285:13)
      at ClientRequest.emit (events.js:197:13)
      at TLSSocket.emitRequestTimeout (_http_client.js:668:40)
      at Object.onceWrapper (events.js:285:13)
      at TLSSocket.emit (events.js:197:13)
      at TLSSocket.Socket._onTimeout (net.js:447:8)
      at listOnTimeout (timers.js:327:15)
      at processTimers (timers.js:271:5)
